<?xml version="1.0" encoding="UTF-8"?>
<robot generator="Robot 6.1.1 (Python 3.12.4 on win32)" generated="20250219 12:38:46.220" rpa="false" schemaversion="4">
<suite id="s1" name="Test Integration" source="C:\Users\gabri\OneDrive\Documentos\Repositorio\Robot_framework_with_exel\test\test_integration.robot">
<test id="s1-t1" name="Cenário: Criar um arquivo Excel e gravar um dado com sucesso" line="7">
<kw name="Dado que um novo arquivo Excel foi criado com sucesso" library="resource">
<kw name="Create Excel Document" library="ExcelLibrary">
<var>${document}</var>
<arg>teste</arg>
<doc>Creates new excel document.</doc>
<msg timestamp="20250219 12:38:46.516" level="INFO">${document} = teste</msg>
<status status="PASS" starttime="20250219 12:38:46.515" endtime="20250219 12:38:46.516"/>
</kw>
<kw name="Should Be Equal As Strings" library="BuiltIn">
<arg>teste</arg>
<arg>${document}</arg>
<doc>Fails if objects are unequal after converting them to strings.</doc>
<status status="PASS" starttime="20250219 12:38:46.516" endtime="20250219 12:38:46.517"/>
</kw>
<kw name="Save Excel Document" library="ExcelLibrary">
<arg>filename=${path}</arg>
<doc>Saves the current document to disk.</doc>
<status status="PASS" starttime="20250219 12:38:46.517" endtime="20250219 12:38:46.529"/>
</kw>
<kw name="Close Current Excel Document" library="ExcelLibrary">
<doc>Closes current document.</doc>
<status status="PASS" starttime="20250219 12:38:46.529" endtime="20250219 12:38:46.529"/>
</kw>
<status status="PASS" starttime="20250219 12:38:46.515" endtime="20250219 12:38:46.529"/>
</kw>
<kw name="Quando um dado é escrito na planilha" library="resource">
<kw name="Open Excel Document" library="ExcelLibrary">
<arg>filename=${path}</arg>
<arg>doc_id=teste</arg>
<doc>Opens xlsx document file.</doc>
<status status="PASS" starttime="20250219 12:38:46.530" endtime="20250219 12:38:46.554"/>
</kw>
<kw name="Write Excel Cell" library="ExcelLibrary">
<arg>row_num=1</arg>
<arg>col_num=1</arg>
<arg>value=Test1</arg>
<arg>sheet_name=Sheet</arg>
<doc>Writes value to the cell.</doc>
<status status="PASS" starttime="20250219 12:38:46.554" endtime="20250219 12:38:46.554"/>
</kw>
<kw name="Write Excel Cell" library="ExcelLibrary">
<arg>row_num=1</arg>
<arg>col_num=2</arg>
<arg>value=Pikachu</arg>
<arg>sheet_name=Sheet</arg>
<doc>Writes value to the cell.</doc>
<status status="PASS" starttime="20250219 12:38:46.554" endtime="20250219 12:38:46.554"/>
</kw>
<kw name="Write Excel Cell" library="ExcelLibrary">
<arg>row_num=1</arg>
<arg>col_num=3</arg>
<arg>value=Charmander</arg>
<arg>sheet_name=Sheet</arg>
<doc>Writes value to the cell.</doc>
<status status="PASS" starttime="20250219 12:38:46.554" endtime="20250219 12:38:46.554"/>
</kw>
<kw name="Save Excel Document" library="ExcelLibrary">
<arg>filename=${path}</arg>
<doc>Saves the current document to disk.</doc>
<status status="PASS" starttime="20250219 12:38:46.554" endtime="20250219 12:38:46.566"/>
</kw>
<kw name="Close Current Excel Document" library="ExcelLibrary">
<doc>Closes current document.</doc>
<status status="PASS" starttime="20250219 12:38:46.566" endtime="20250219 12:38:46.566"/>
</kw>
<status status="PASS" starttime="20250219 12:38:46.530" endtime="20250219 12:38:46.566"/>
</kw>
<kw name="Então que o dado deve ser salvo no arquivo" library="resource">
<kw name="Open Excel Document" library="ExcelLibrary">
<arg>filename=${path}</arg>
<arg>doc_id=teste</arg>
<doc>Opens xlsx document file.</doc>
<status status="PASS" starttime="20250219 12:38:46.567" endtime="20250219 12:38:46.578"/>
</kw>
<kw name="Read Excel Cell" library="ExcelLibrary">
<arg>row_num=1</arg>
<arg>col_num=1</arg>
<doc>Returns content of a cell.</doc>
<status status="PASS" starttime="20250219 12:38:46.578" endtime="20250219 12:38:46.578"/>
</kw>
<kw name="Read Excel Cell" library="ExcelLibrary">
<arg>row_num=1</arg>
<arg>col_num=2</arg>
<doc>Returns content of a cell.</doc>
<status status="PASS" starttime="20250219 12:38:46.578" endtime="20250219 12:38:46.578"/>
</kw>
<kw name="Read Excel Cell" library="ExcelLibrary">
<arg>row_num=1</arg>
<arg>col_num=3</arg>
<doc>Returns content of a cell.</doc>
<status status="PASS" starttime="20250219 12:38:46.578" endtime="20250219 12:38:46.578"/>
</kw>
<kw name="Save Excel Document" library="ExcelLibrary">
<arg>filename=${path}</arg>
<doc>Saves the current document to disk.</doc>
<status status="PASS" starttime="20250219 12:38:46.578" endtime="20250219 12:38:46.583"/>
</kw>
<kw name="Close Current Excel Document" library="ExcelLibrary">
<doc>Closes current document.</doc>
<status status="PASS" starttime="20250219 12:38:46.583" endtime="20250219 12:38:46.583"/>
</kw>
<status status="PASS" starttime="20250219 12:38:46.566" endtime="20250219 12:38:46.583"/>
</kw>
<status status="PASS" starttime="20250219 12:38:46.515" endtime="20250219 12:38:46.583"/>
</test>
<test id="s1-t2" name="Cenário: Atualizar um dado na planilha" line="12">
<kw name="Dado que o arquivo Excel foi aberto com sucesso" library="resource">
<kw name="Open Excel Document" library="ExcelLibrary">
<arg>filename=${path}</arg>
<arg>doc_id=teste</arg>
<doc>Opens xlsx document file.</doc>
<status status="PASS" starttime="20250219 12:38:46.584" endtime="20250219 12:38:46.587"/>
</kw>
<status status="PASS" starttime="20250219 12:38:46.584" endtime="20250219 12:38:46.587"/>
</kw>
<kw name="Quando o dado é atualizado com um novo valor" library="resource">
<kw name="Read Excel Cell" library="ExcelLibrary">
<arg>row_num=1</arg>
<arg>col_num=1</arg>
<doc>Returns content of a cell.</doc>
<status status="PASS" starttime="20250219 12:38:46.587" endtime="20250219 12:38:46.587"/>
</kw>
<status status="PASS" starttime="20250219 12:38:46.587" endtime="20250219 12:38:46.587"/>
</kw>
<kw name="Então o novo valor deve ser salvo no arquivo" library="resource">
<kw name="Write Excel Cell" library="ExcelLibrary">
<arg>row_num=1</arg>
<arg>col_num=1</arg>
<arg>value=Test2</arg>
<arg>sheet_name=Sheet</arg>
<doc>Writes value to the cell.</doc>
<status status="PASS" starttime="20250219 12:38:46.587" endtime="20250219 12:38:46.587"/>
</kw>
<kw name="Save Excel Document" library="ExcelLibrary">
<arg>filename=${path}</arg>
<doc>Saves the current document to disk.</doc>
<status status="PASS" starttime="20250219 12:38:46.588" endtime="20250219 12:38:46.598"/>
</kw>
<kw name="Close Current Excel Document" library="ExcelLibrary">
<doc>Closes current document.</doc>
<status status="PASS" starttime="20250219 12:38:46.598" endtime="20250219 12:38:46.598"/>
</kw>
<status status="PASS" starttime="20250219 12:38:46.587" endtime="20250219 12:38:46.598"/>
</kw>
<status status="PASS" starttime="20250219 12:38:46.584" endtime="20250219 12:38:46.598"/>
</test>
<test id="s1-t3" name="Cenário: Adicionar um dado na planilha" line="17">
<kw name="Dado que o arquivo Excel foi aberto com sucesso" library="resource">
<kw name="Open Excel Document" library="ExcelLibrary">
<arg>filename=${path}</arg>
<arg>doc_id=teste</arg>
<doc>Opens xlsx document file.</doc>
<status status="PASS" starttime="20250219 12:38:46.599" endtime="20250219 12:38:46.611"/>
</kw>
<status status="PASS" starttime="20250219 12:38:46.599" endtime="20250219 12:38:46.611"/>
</kw>
<kw name="Quando um novo dado é adicionado à planilha" library="resource">
<kw name="Write Excel Cell" library="ExcelLibrary">
<arg>row_num=1</arg>
<arg>col_num=4</arg>
<arg>value=Squirtle</arg>
<arg>sheet_name=Sheet</arg>
<doc>Writes value to the cell.</doc>
<status status="PASS" starttime="20250219 12:38:46.611" endtime="20250219 12:38:46.611"/>
</kw>
<status status="PASS" starttime="20250219 12:38:46.611" endtime="20250219 12:38:46.611"/>
</kw>
<kw name="Então o dado deve ser salvo no arquivo" library="resource">
<kw name="Read Excel Cell" library="ExcelLibrary">
<arg>row_num=1</arg>
<arg>col_num=4</arg>
<doc>Returns content of a cell.</doc>
<status status="PASS" starttime="20250219 12:38:46.611" endtime="20250219 12:38:46.611"/>
</kw>
<kw name="Save Excel Document" library="ExcelLibrary">
<arg>filename=${path}</arg>
<doc>Saves the current document to disk.</doc>
<status status="PASS" starttime="20250219 12:38:46.611" endtime="20250219 12:38:46.622"/>
</kw>
<kw name="Close Current Excel Document" library="ExcelLibrary">
<doc>Closes current document.</doc>
<status status="PASS" starttime="20250219 12:38:46.622" endtime="20250219 12:38:46.622"/>
</kw>
<status status="PASS" starttime="20250219 12:38:46.611" endtime="20250219 12:38:46.622"/>
</kw>
<status status="PASS" starttime="20250219 12:38:46.599" endtime="20250219 12:38:46.622"/>
</test>
<test id="s1-t4" name="Cenário: Remover um dado na planilha" line="22">
<kw name="Dado que o arquivo Excel foi aberto com sucesso" library="resource">
<kw name="Open Excel Document" library="ExcelLibrary">
<arg>filename=${path}</arg>
<arg>doc_id=teste</arg>
<doc>Opens xlsx document file.</doc>
<status status="PASS" starttime="20250219 12:38:46.623" endtime="20250219 12:38:46.635"/>
</kw>
<status status="PASS" starttime="20250219 12:38:46.623" endtime="20250219 12:38:46.635"/>
</kw>
<kw name="Quando o dado é removido da planilha" library="resource">
<kw name="Write Excel Cell" library="ExcelLibrary">
<arg>row_num=1</arg>
<arg>col_num=1</arg>
<arg>value=${None}</arg>
<arg>sheet_name=Sheet</arg>
<doc>Writes value to the cell.</doc>
<status status="PASS" starttime="20250219 12:38:46.635" endtime="20250219 12:38:46.635"/>
</kw>
<status status="PASS" starttime="20250219 12:38:46.635" endtime="20250219 12:38:46.635"/>
</kw>
<kw name="Então deve ser excluído o dado do arquivo" library="resource">
<kw name="Read Excel Cell" library="ExcelLibrary">
<var>${valor}</var>
<arg>row_num=1</arg>
<arg>col_num=1</arg>
<doc>Returns content of a cell.</doc>
<msg timestamp="20250219 12:38:46.635" level="INFO">${valor} = Test2</msg>
<status status="PASS" starttime="20250219 12:38:46.635" endtime="20250219 12:38:46.635"/>
</kw>
<kw name="Log" library="BuiltIn">
<arg>valor da célula é: ${valor}</arg>
<doc>Logs the given message with the given level.</doc>
<msg timestamp="20250219 12:38:46.636" level="INFO">valor da célula é: Test2</msg>
<status status="PASS" starttime="20250219 12:38:46.636" endtime="20250219 12:38:46.636"/>
</kw>
<kw name="Save Excel Document" library="ExcelLibrary">
<arg>filename=${path}</arg>
<doc>Saves the current document to disk.</doc>
<status status="PASS" starttime="20250219 12:38:46.636" endtime="20250219 12:38:46.640"/>
</kw>
<kw name="Close Current Excel Document" library="ExcelLibrary">
<doc>Closes current document.</doc>
<status status="PASS" starttime="20250219 12:38:46.640" endtime="20250219 12:38:46.640"/>
</kw>
<status status="PASS" starttime="20250219 12:38:46.635" endtime="20250219 12:38:46.640"/>
</kw>
<status status="PASS" starttime="20250219 12:38:46.623" endtime="20250219 12:38:46.640"/>
</test>
<status status="PASS" starttime="20250219 12:38:46.221" endtime="20250219 12:38:46.641"/>
</suite>
<statistics>
<total>
<stat pass="4" fail="0" skip="0">All Tests</stat>
</total>
<tag>
</tag>
<suite>
<stat pass="4" fail="0" skip="0" id="s1" name="Test Integration">Test Integration</stat>
</suite>
</statistics>
<errors>
<msg timestamp="20250219 12:38:46.513" level="ERROR">Error in file 'C:\Users\gabri\OneDrive\Documentos\Repositorio\Robot_framework_with_exel\src\resource.robot' on line 9: Setting variable '${empty}' failed: Recursive variable definition.</msg>
</errors>
</robot>
